MIF/HEX Update report for rf_kit_top
Tue May 30 10:55:46 2017
Quartus II 64-Bit Version 14.0.0 Build 200 06/17/2014 SJ Full Version


---------------------
; Table of Contents ;
---------------------
  1. Legal Notice
  2. MIF/HEX Update Summary
  3. MIF/HEX Update Processed Files
  4. MIF/HEX Update Messages



----------------
; Legal Notice ;
----------------
Copyright (C) 1991-2014 Altera Corporation. All rights reserved.
Your use of Altera Corporation's design tools, logic functions 
and other software and tools, and its AMPP partner logic 
functions, and any output files from any of the foregoing 
(including device programming or simulation files), and any 
associated documentation or information are expressly subject 
to the terms and conditions of the Altera Program License 
Subscription Agreement, the Altera Quartus II License Agreement,
the Altera MegaCore Function License Agreement, or other 
applicable license agreement, including, without limitation, 
that your use is for the sole purpose of programming logic 
devices manufactured by Altera and sold by Altera or its 
authorized distributors.  Please refer to the applicable 
agreement for further details.



+---------------------------------------------------------------+
; MIF/HEX Update Summary                                        ;
+-----------------------+---------------------------------------+
; MIF/HEX Update Status ; Successful - Tue May 30 10:55:46 2017 ;
; Revision Name         ; rf_kit_top                            ;
; Top-level Entity Name ; rf_kit_top                            ;
; Family                ; Cyclone IV E                          ;
; Device                ; EP4CE22F17C6                          ;
+-----------------------+---------------------------------------+


+----------------------------------------------------------------------------------------------------------------------+
; MIF/HEX Update Processed Files                                                                                       ;
+----------------------------------------------------------------------------------------------------------------------+
; File Name                                                                                                            ;
+----------------------------------------------------------------------------------------------------------------------+
; E:/HDL_projects/rangefinder/rangefinder_v6/QSYS/software/rangefinder_v5_250517/mem_init/rangefinder_sopc_ram_cpu.hex ;
+----------------------------------------------------------------------------------------------------------------------+


+-------------------------+
; MIF/HEX Update Messages ;
+-------------------------+
Info: *******************************************************************
Info: Running Quartus II 64-Bit MIF/HEX Update
    Info: Version 14.0.0 Build 200 06/17/2014 SJ Full Version
    Info: Processing started: Tue May 30 10:55:44 2017
Info: Command: quartus_cdb rf_kit_top -c rf_kit_top --update_mif
Warning (125092): Tcl Script File ../MGF/PLL/system_pll.qip not found
    Info (125063): set_global_assignment -name QIP_FILE ../MGF/PLL/system_pll.qip
Warning (39023): Can't find Memory Initialization File rangefinder_sopc_cpu_ic_tag_ram.mif -- skipped updates for this file
Warning (39023): Can't find Memory Initialization File rangefinder_sopc_cpu_bht_ram.mif -- skipped updates for this file
Warning (39023): Can't find Memory Initialization File rangefinder_sopc_cpu_rf_ram_a.mif -- skipped updates for this file
Warning (39023): Can't find Memory Initialization File rangefinder_sopc_cpu_rf_ram_b.mif -- skipped updates for this file
Warning (39023): Can't find Memory Initialization File rangefinder_sopc_cpu_dc_tag_ram.mif -- skipped updates for this file
Warning (39023): Can't find Memory Initialization File rangefinder_sopc_cpu_ociram_default_contents.mif -- skipped updates for this file
Warning (113015): Width of data items in "rangefinder_sopc_ram_cpu.hex" is greater than the memory width. Wrapping data items to subsequent addresses. Found 1024 warnings, reporting 10
    Warning (113009): Data at line (2) of memory initialization file "rangefinder_sopc_ram_cpu.hex" is too wide to fit in one memory word. Wrapping data to subsequent addresses.
    Warning (113009): Data at line (3) of memory initialization file "rangefinder_sopc_ram_cpu.hex" is too wide to fit in one memory word. Wrapping data to subsequent addresses.
    Warning (113009): Data at line (4) of memory initialization file "rangefinder_sopc_ram_cpu.hex" is too wide to fit in one memory word. Wrapping data to subsequent addresses.
    Warning (113009): Data at line (5) of memory initialization file "rangefinder_sopc_ram_cpu.hex" is too wide to fit in one memory word. Wrapping data to subsequent addresses.
    Warning (113009): Data at line (6) of memory initialization file "rangefinder_sopc_ram_cpu.hex" is too wide to fit in one memory word. Wrapping data to subsequent addresses.
    Warning (113009): Data at line (7) of memory initialization file "rangefinder_sopc_ram_cpu.hex" is too wide to fit in one memory word. Wrapping data to subsequent addresses.
    Warning (113009): Data at line (8) of memory initialization file "rangefinder_sopc_ram_cpu.hex" is too wide to fit in one memory word. Wrapping data to subsequent addresses.
    Warning (113009): Data at line (9) of memory initialization file "rangefinder_sopc_ram_cpu.hex" is too wide to fit in one memory word. Wrapping data to subsequent addresses.
    Warning (113009): Data at line (10) of memory initialization file "rangefinder_sopc_ram_cpu.hex" is too wide to fit in one memory word. Wrapping data to subsequent addresses.
    Warning (113009): Data at line (11) of memory initialization file "rangefinder_sopc_ram_cpu.hex" is too wide to fit in one memory word. Wrapping data to subsequent addresses.
Info (39024): Processed the following Memory Initialization File(s)
    Info (39025): Processed Memory Initialization File E:/HDL_projects/rangefinder/rangefinder_v6/QSYS/software/rangefinder_v5_250517/mem_init/rangefinder_sopc_ram_cpu.hex
Info: Quartus II 64-Bit MIF/HEX Update was successful. 0 errors, 18 warnings
    Info: Peak virtual memory: 571 megabytes
    Info: Processing ended: Tue May 30 10:55:47 2017
    Info: Elapsed time: 00:00:03
    Info: Total CPU time (on all processors): 00:00:03


