
**** Build of configuration Nios II for project lrf_v221116 ****

make mem_init_generate 
Info: Building ../lrf_v221116_bsp/
make --no-print-directory -C ../lrf_v221116_bsp/
[BSP build complete]
Post-processing to create mem_init/rangefinder_sopc_ram_cpu.hex...
bash -c 'elf2hex lrf_v221116.elf 0x00000000 0x00007fff --width=32 \
		--little-endian-mem --create-lanes=0  mem_init/rangefinder_sopc_ram_cpu.hex'
Post-processing to create mem_init/rangefinder_sopc_ram_sample_0.hex...
bash -c 'elf2hex lrf_v221116.elf 0x00009500 0x000095ff --width=8 \
		--little-endian-mem --create-lanes=0  mem_init/rangefinder_sopc_ram_sample_0.hex'
Post-processing to create mem_init/rangefinder_sopc_ram_sample_1.hex...
bash -c 'elf2hex lrf_v221116.elf 0x00009400 0x000094ff --width=8 \
		--little-endian-mem --create-lanes=0  mem_init/rangefinder_sopc_ram_sample_1.hex'
Post-processing to create mem_init/rangefinder_sopc_ram_sample_2.hex...
bash -c 'elf2hex lrf_v221116.elf 0x00009300 0x000093ff --width=8 \
		--little-endian-mem --create-lanes=0  mem_init/rangefinder_sopc_ram_sample_2.hex'
Post-processing to create mem_init/rangefinder_sopc_ram_sample_3.hex...
bash -c 'elf2hex lrf_v221116.elf 0x00009200 0x000092ff --width=8 \
		--little-endian-mem --create-lanes=0  mem_init/rangefinder_sopc_ram_sample_3.hex'
Post-processing to create mem_init/rangefinder_sopc_ram_sample_4.hex...
bash -c 'elf2hex lrf_v221116.elf 0x00009100 0x000091ff --width=8 \
		--little-endian-mem --create-lanes=0  mem_init/rangefinder_sopc_ram_sample_4.hex'
Post-processing to create mem_init/rangefinder_sopc_ram_sample_5.hex...
bash -c 'elf2hex lrf_v221116.elf 0x00009000 0x000090ff --width=8 \
		--little-endian-mem --create-lanes=0  mem_init/rangefinder_sopc_ram_sample_5.hex'
Post-processing to create mem_init/hdl_sim/rangefinder_sopc_ram_cpu.dat...
bash -c 'elf2dat --infile=lrf_v221116.elf --outfile=mem_init/hdl_sim/rangefinder_sopc_ram_cpu.dat \
		--base=0x00000000 --end=0x00007fff --width=32 \
		--little-endian-mem --create-lanes=0 '
Post-processing to create mem_init/hdl_sim/rangefinder_sopc_ram_sample_0.dat...
bash -c 'elf2dat --infile=lrf_v221116.elf --outfile=mem_init/hdl_sim/rangefinder_sopc_ram_sample_0.dat \
		--base=0x00009500 --end=0x000095ff --width=8 \
		--little-endian-mem --create-lanes=0 '
Post-processing to create mem_init/hdl_sim/rangefinder_sopc_ram_sample_1.dat...
bash -c 'elf2dat --infile=lrf_v221116.elf --outfile=mem_init/hdl_sim/rangefinder_sopc_ram_sample_1.dat \
		--base=0x00009400 --end=0x000094ff --width=8 \
		--little-endian-mem --create-lanes=0 '
Post-processing to create mem_init/hdl_sim/rangefinder_sopc_ram_sample_2.dat...
bash -c 'elf2dat --infile=lrf_v221116.elf --outfile=mem_init/hdl_sim/rangefinder_sopc_ram_sample_2.dat \
		--base=0x00009300 --end=0x000093ff --width=8 \
		--little-endian-mem --create-lanes=0 '
Post-processing to create mem_init/hdl_sim/rangefinder_sopc_ram_sample_3.dat...
bash -c 'elf2dat --infile=lrf_v221116.elf --outfile=mem_init/hdl_sim/rangefinder_sopc_ram_sample_3.dat \
		--base=0x00009200 --end=0x000092ff --width=8 \
		--little-endian-mem --create-lanes=0 '
Post-processing to create mem_init/hdl_sim/rangefinder_sopc_ram_sample_4.dat...
bash -c 'elf2dat --infile=lrf_v221116.elf --outfile=mem_init/hdl_sim/rangefinder_sopc_ram_sample_4.dat \
		--base=0x00009100 --end=0x000091ff --width=8 \
		--little-endian-mem --create-lanes=0 '
Post-processing to create mem_init/hdl_sim/rangefinder_sopc_ram_sample_5.dat...
bash -c 'elf2dat --infile=lrf_v221116.elf --outfile=mem_init/hdl_sim/rangefinder_sopc_ram_sample_5.dat \
		--base=0x00009000 --end=0x000090ff --width=8 \
		--little-endian-mem --create-lanes=0 '
Post-processing to create mem_init/hdl_sim/rangefinder_sopc_ram_cpu.sym...
nios2-elf-nm -n lrf_v221116.elf > mem_init/hdl_sim/rangefinder_sopc_ram_cpu.sym
Post-processing to create mem_init/hdl_sim/rangefinder_sopc_ram_sample_0.sym...
nios2-elf-nm -n lrf_v221116.elf > mem_init/hdl_sim/rangefinder_sopc_ram_sample_0.sym
Post-processing to create mem_init/hdl_sim/rangefinder_sopc_ram_sample_1.sym...
nios2-elf-nm -n lrf_v221116.elf > mem_init/hdl_sim/rangefinder_sopc_ram_sample_1.sym
Post-processing to create mem_init/hdl_sim/rangefinder_sopc_ram_sample_2.sym...
nios2-elf-nm -n lrf_v221116.elf > mem_init/hdl_sim/rangefinder_sopc_ram_sample_2.sym
Post-processing to create mem_init/hdl_sim/rangefinder_sopc_ram_sample_3.sym...
nios2-elf-nm -n lrf_v221116.elf > mem_init/hdl_sim/rangefinder_sopc_ram_sample_3.sym
Post-processing to create mem_init/hdl_sim/rangefinder_sopc_ram_sample_4.sym...
nios2-elf-nm -n lrf_v221116.elf > mem_init/hdl_sim/rangefinder_sopc_ram_sample_4.sym
Post-processing to create mem_init/hdl_sim/rangefinder_sopc_ram_sample_5.sym...
nios2-elf-nm -n lrf_v221116.elf > mem_init/hdl_sim/rangefinder_sopc_ram_sample_5.sym
Post-processing to create mem_init/meminit.spd...
Post-processing to create mem_init/meminit.qip...

**** Build Finished ****
